User belongs to experiment group 'pythonaa'
User belongs to experiment group 'pythonJediLSP'
User belongs to experiment group 'pythonDiscoveryModuleWithoutWatcher'
User belongs to experiment group 'pythonTensorboardExperiment'
User belongs to experiment group 'pythonSurveyNotification'
User belongs to experiment group 'PythonPyTorchProfiler'
User belongs to experiment group 'pythonDeprecatePythonPath'
Python interpreter path: /usr/sbin/python
Error 2021-07-12 08:29:19: Failed to check if file needs to be fixed EntryNotFound (FileSystemError): Unable to read file '/home/anon/Documents/terminal-anime-viewer/.vscode/settings.json' (Error: Unable to resolve non-existing file '/home/anon/Documents/terminal-anime-viewer/.vscode/settings.json')
    at _handleError (/opt/visual-studio-code/resources/app/out/vs/workbench/services/extensions/node/extensionHostProcess.js:84:167834)
    at processTicksAndRejections (internal/process/task_queues.js:93:5)
    at y.readText (/home/anon/.vscode/extensions/ms-python.python-2021.6.944021595/out/client/extension.js:9:343940)
    at p.doesFileNeedToBeFixed (/home/anon/.vscode/extensions/ms-python.python-2021.6.944021595/out/client/extension.js:59:581700)
    at /home/anon/.vscode/extensions/ms-python.python-2021.6.944021595/out/client/extension.js:59:580827
    at async Promise.all (index 1)
    at p.getFilesToBeFixed (/home/anon/.vscode/extensions/ms-python.python-2021.6.944021595/out/client/extension.js:59:580773)
    at p.updateTestSettings (/home/anon/.vscode/extensions/ms-python.python-2021.6.944021595/out/client/extension.js:59:580400) {
  code: 'FileNotFound'
}
Starting Pylance language server.
> conda --version
Error 2021-07-12 09:40:39: Error while running worker[Worker 2]. undefined
Error 2021-07-12 09:40:39: Error while running worker[Worker 1]. undefined
