[2021-06-30 08:40:18.451] [exthost] [info] extension host started
[2021-06-30 08:40:18.996] [exthost] [info] ExtensionService#_doActivateExtension vscode.debug-auto-launch {"startup":true,"extensionId":{"value":"vscode.debug-auto-launch","_lower":"vscode.debug-auto-launch"},"activationEvent":"*"}
[2021-06-30 08:40:18.997] [exthost] [info] ExtensionService#loadCommonJSModule file:///usr/lib/code/extensions/debug-auto-launch/dist/extension
[2021-06-30 08:40:19.008] [exthost] [info] ExtensionService#_doActivateExtension vscode.git {"startup":true,"extensionId":{"value":"vscode.github","_lower":"vscode.github"},"activationEvent":"*"}
[2021-06-30 08:40:19.008] [exthost] [info] ExtensionService#loadCommonJSModule file:///usr/lib/code/extensions/git/dist/main
[2021-06-30 08:40:19.071] [exthost] [info] ExtensionService#_doActivateExtension RobbOwen.synthwave-vscode {"startup":true,"extensionId":{"value":"RobbOwen.synthwave-vscode","_lower":"robbowen.synthwave-vscode"},"activationEvent":"*"}
[2021-06-30 08:40:19.071] [exthost] [info] ExtensionService#loadCommonJSModule file:///home/anon/.vscode-oss/extensions/robbowen.synthwave-vscode-0.1.8/src/extension.js
[2021-06-30 08:40:19.579] [exthost] [info] ExtensionService#_doActivateExtension vscode.github {"startup":true,"extensionId":{"value":"vscode.github","_lower":"vscode.github"},"activationEvent":"*"}
[2021-06-30 08:40:19.587] [exthost] [info] ExtensionService#loadCommonJSModule file:///usr/lib/code/extensions/github/dist/extension.js
[2021-06-30 08:40:19.831] [exthost] [info] ExtensionService#_doActivateExtension ms-vscode.js-debug {"startup":false,"extensionId":{"value":"ms-vscode.js-debug","_lower":"ms-vscode.js-debug"},"activationEvent":"onCommand:extension.js-debug.clearAutoAttachVariables"}
[2021-06-30 08:40:19.833] [exthost] [info] ExtensionService#loadCommonJSModule file:///usr/lib/code/extensions/ms-vscode.js-debug/src/extension.js
[2021-06-30 08:40:20.324] [exthost] [info] eager extensions activated
[2021-06-30 08:40:20.401] [exthost] [info] ExtensionService#_doActivateExtension vscode.emmet {"startup":false,"extensionId":{"value":"vscode.emmet","_lower":"vscode.emmet"},"activationEvent":"onLanguage:html"}
[2021-06-30 08:40:20.404] [exthost] [info] ExtensionService#loadCommonJSModule file:///usr/lib/code/extensions/emmet/dist/node/emmetNodeMain
[2021-06-30 08:40:20.426] [exthost] [info] ExtensionService#_doActivateExtension vscode.html-language-features {"startup":false,"extensionId":{"value":"vscode.html-language-features","_lower":"vscode.html-language-features"},"activationEvent":"onLanguage:html"}
[2021-06-30 08:40:20.426] [exthost] [info] ExtensionService#loadCommonJSModule file:///usr/lib/code/extensions/html-language-features/client/dist/node/htmlClientMain
[2021-06-30 08:40:20.471] [exthost] [info] ExtensionService#_doActivateExtension vscode.typescript-language-features {"startup":false,"extensionId":{"value":"SonarSource.sonarlint-vscode","_lower":"sonarsource.sonarlint-vscode"},"activationEvent":"onLanguage:html"}
[2021-06-30 08:40:20.472] [exthost] [info] ExtensionService#loadCommonJSModule file:///usr/lib/code/extensions/typescript-language-features/dist/extension
[2021-06-30 08:40:20.513] [exthost] [info] ExtensionService#_doActivateExtension vscode.merge-conflict {"startup":false,"extensionId":{"value":"vscode.merge-conflict","_lower":"vscode.merge-conflict"},"activationEvent":"onStartupFinished"}
[2021-06-30 08:40:20.513] [exthost] [info] ExtensionService#loadCommonJSModule file:///usr/lib/code/extensions/merge-conflict/dist/mergeConflictMain
[2021-06-30 08:40:20.518] [exthost] [info] ExtensionService#_doActivateExtension vscode.testing-editor-contributions {"startup":false,"extensionId":{"value":"vscode.testing-editor-contributions","_lower":"vscode.testing-editor-contributions"},"activationEvent":"onStartupFinished"}
[2021-06-30 08:40:20.518] [exthost] [info] ExtensionService#loadCommonJSModule file:///usr/lib/code/extensions/testing-editor-contributions/dist/extension.js
[2021-06-30 08:40:20.521] [exthost] [info] ExtensionService#_doActivateExtension vadimcn.vscode-lldb {"startup":false,"extensionId":{"value":"vadimcn.vscode-lldb","_lower":"vadimcn.vscode-lldb"},"activationEvent":"onStartupFinished"}
[2021-06-30 08:40:20.521] [exthost] [info] ExtensionService#loadCommonJSModule file:///home/anon/.vscode-oss/extensions/vadimcn.vscode-lldb-1.6.5/extension.js
[2021-06-30 08:40:20.968] [exthost] [info] ExtensionService#_doActivateExtension SonarSource.sonarlint-vscode {"startup":false,"extensionId":{"value":"SonarSource.sonarlint-vscode","_lower":"sonarsource.sonarlint-vscode"},"activationEvent":"onLanguage:html"}
[2021-06-30 08:40:20.968] [exthost] [info] ExtensionService#loadCommonJSModule file:///home/anon/.vscode-oss/extensions/sonarsource.sonarlint-vscode-2.0.0/dist/extension
[2021-06-30 08:41:56.977] [exthost] [info] extension host terminating: received terminate message from renderer
[2021-06-30 08:41:58.188] [exthost] [info] exiting with code 0
