[2021-06-27 11:17:37.964] [exthost] [info] extension host started
[2021-06-27 11:17:38.025] [exthost] [info] ExtensionService#_doActivateExtension vscode.debug-auto-launch {"startup":true,"extensionId":{"value":"vscode.debug-auto-launch","_lower":"vscode.debug-auto-launch"},"activationEvent":"*"}
[2021-06-27 11:17:38.025] [exthost] [info] ExtensionService#loadCommonJSModule file:///usr/lib/code/extensions/debug-auto-launch/dist/extension
[2021-06-27 11:17:38.029] [exthost] [info] ExtensionService#_doActivateExtension vscode.git {"startup":true,"extensionId":{"value":"vscode.github","_lower":"vscode.github"},"activationEvent":"*"}
[2021-06-27 11:17:38.029] [exthost] [info] ExtensionService#loadCommonJSModule file:///usr/lib/code/extensions/git/dist/main
[2021-06-27 11:17:38.131] [exthost] [info] ExtensionService#_doActivateExtension vscode.github {"startup":true,"extensionId":{"value":"vscode.github","_lower":"vscode.github"},"activationEvent":"*"}
[2021-06-27 11:17:38.131] [exthost] [info] ExtensionService#loadCommonJSModule file:///usr/lib/code/extensions/github/dist/extension.js
[2021-06-27 11:17:38.173] [exthost] [info] eager extensions activated
[2021-06-27 11:17:38.188] [exthost] [info] ExtensionService#_doActivateExtension ms-vscode.js-debug {"startup":false,"extensionId":{"value":"ms-vscode.js-debug","_lower":"ms-vscode.js-debug"},"activationEvent":"onCommand:extension.js-debug.clearAutoAttachVariables"}
[2021-06-27 11:17:38.189] [exthost] [info] ExtensionService#loadCommonJSModule file:///usr/lib/code/extensions/ms-vscode.js-debug/src/extension.js
[2021-06-27 11:17:38.370] [exthost] [info] ExtensionService#_doActivateExtension vscode.emmet {"startup":false,"extensionId":{"value":"vscode.emmet","_lower":"vscode.emmet"},"activationEvent":"onStartupFinished"}
[2021-06-27 11:17:38.370] [exthost] [info] ExtensionService#loadCommonJSModule file:///usr/lib/code/extensions/emmet/dist/node/emmetNodeMain
[2021-06-27 11:17:38.376] [exthost] [info] ExtensionService#_doActivateExtension vscode.merge-conflict {"startup":false,"extensionId":{"value":"vscode.merge-conflict","_lower":"vscode.merge-conflict"},"activationEvent":"onStartupFinished"}
[2021-06-27 11:17:38.376] [exthost] [info] ExtensionService#loadCommonJSModule file:///usr/lib/code/extensions/merge-conflict/dist/mergeConflictMain
[2021-06-27 11:17:38.378] [exthost] [info] ExtensionService#_doActivateExtension vscode.testing-editor-contributions {"startup":false,"extensionId":{"value":"vscode.testing-editor-contributions","_lower":"vscode.testing-editor-contributions"},"activationEvent":"onStartupFinished"}
[2021-06-27 11:17:38.378] [exthost] [info] ExtensionService#loadCommonJSModule file:///usr/lib/code/extensions/testing-editor-contributions/dist/extension.js
[2021-06-27 11:17:38.379] [exthost] [info] ExtensionService#_doActivateExtension vadimcn.vscode-lldb {"startup":false,"extensionId":{"value":"vadimcn.vscode-lldb","_lower":"vadimcn.vscode-lldb"},"activationEvent":"onStartupFinished"}
[2021-06-27 11:17:38.379] [exthost] [info] ExtensionService#loadCommonJSModule file:///home/anon/.vscode-oss/extensions/vadimcn.vscode-lldb-1.6.5/extension.js
[2021-06-27 11:17:43.325] [exthost] [info] ExtensionService#_doActivateExtension vscode.configuration-editing {"startup":false,"extensionId":{"value":"vscode.configuration-editing","_lower":"vscode.configuration-editing"},"activationEvent":"onLanguage:jsonc"}
[2021-06-27 11:17:43.325] [exthost] [info] ExtensionService#loadCommonJSModule file:///usr/lib/code/extensions/configuration-editing/dist/configurationEditingMain
[2021-06-27 11:17:43.340] [exthost] [info] ExtensionService#_doActivateExtension vscode.json-language-features {"startup":false,"extensionId":{"value":"vscode.json-language-features","_lower":"vscode.json-language-features"},"activationEvent":"onLanguage:jsonc"}
[2021-06-27 11:17:43.340] [exthost] [info] ExtensionService#loadCommonJSModule file:///usr/lib/code/extensions/json-language-features/client/dist/node/jsonClientMain
[2021-06-27 11:17:43.407] [exthost] [info] ExtensionService#_doActivateExtension vscode.typescript-language-features {"startup":false,"extensionId":{"value":"vscode.typescript-language-features","_lower":"vscode.typescript-language-features"},"activationEvent":"onLanguage:jsonc"}
[2021-06-27 11:17:43.407] [exthost] [info] ExtensionService#loadCommonJSModule file:///usr/lib/code/extensions/typescript-language-features/dist/extension
[2021-06-27 11:18:09.743] [exthost] [info] ExtensionService#_doActivateExtension RobbOwen.synthwave-vscode {"startup":false,"extensionId":{"value":"RobbOwen.synthwave-vscode","_lower":"robbowen.synthwave-vscode"},"activationEvent":"*"}
[2021-06-27 11:18:09.743] [exthost] [info] ExtensionService#loadCommonJSModule file:///home/anon/.vscode-oss/extensions/robbowen.synthwave-vscode-0.1.8/src/extension.js
[2021-06-27 11:22:49.576] [exthost] [info] extension host terminating: received terminate message from renderer
[2021-06-27 11:22:50.644] [exthost] [info] exiting with code 0
