[Info  - 16:56:54.456] Started security hotspot handler on port 64120
[Info  - 16:56:54.694] Analyzing file 'file:///home/anon/Documents/House-price-prediction/website/app.py'...
[Info  - 16:57:02.225] Creating container for module with key=file:///home/anon/Documents/House-price-prediction
[Info  - 16:57:13.436] Found 0 issues
[Info  - 16:57:13.437] Analyzing file 'file:///home/anon/Documents/House-price-prediction/website/templates/index.html'...
[Info  - 16:57:13.574] Found 3 issues
[Info  - 16:57:42.554] Analyzing file 'file:///home/anon/Documents/House-price-prediction/website/templates/privacy-policy.html'...
[Info  - 16:57:42.657] Found 0 issues
[Info  - 16:57:42.756] Analyzing file 'file:///home/anon/Documents/House-price-prediction/website/templates/privacy-policy.html'...
[Info  - 16:57:42.830] Found 0 issues
[Info  - 16:57:44.721] Analyzing file 'file:///home/anon/Documents/House-price-prediction/website/templates/privacy-policy.html'...
[Info  - 16:57:44.832] Found 0 issues
[Info  - 16:57:59.595] Analyzing file 'file:///home/anon/Documents/House-price-prediction/website/app.py'...
[Info  - 16:57:59.736] Found 0 issues
[Info  - 16:58:01.204] Analyzing file 'file:///home/anon/Documents/House-price-prediction/website/app.py'...
[Info  - 16:58:01.308] Found 1 issue
[Info  - 16:58:07.805] Analyzing file 'file:///home/anon/Documents/House-price-prediction/website/app.py'...
[Info  - 16:58:07.992] Found 1 issue
[Info  - 16:58:09.270] Analyzing file 'file:///home/anon/Documents/House-price-prediction/website/app.py'...
[Info  - 16:58:09.399] Found 1 issue
[Info  - 16:58:14.208] Analyzing file 'file:///home/anon/Documents/House-price-prediction/website/app.py'...
[Info  - 16:58:14.270] Found 1 issue
[Info  - 16:58:15.409] Analyzing file 'file:///home/anon/Documents/House-price-prediction/website/app.py'...
[Info  - 16:58:15.478] Found 0 issues
[Info  - 16:58:17.210] Analyzing file 'file:///home/anon/Documents/House-price-prediction/website/app.py'...
[Info  - 16:58:17.265] Found 1 issue
[Info  - 16:58:18.211] Analyzing file 'file:///home/anon/Documents/House-price-prediction/website/app.py'...
[Info  - 16:58:18.321] Found 1 issue
[Info  - 16:58:19.413] Analyzing file 'file:///home/anon/Documents/House-price-prediction/website/app.py'...
[Info  - 16:58:19.504] Found 0 issues
[Info  - 16:58:20.414] Analyzing file 'file:///home/anon/Documents/House-price-prediction/website/app.py'...
[Info  - 16:58:20.528] Found 1 issue
[Info  - 16:58:24.017] Analyzing file 'file:///home/anon/Documents/House-price-prediction/website/app.py'...
[Info  - 16:58:24.259] Found 0 issues
[Info  - 16:58:26.429] Analyzing file 'file:///home/anon/Documents/House-price-prediction/website/app.py'...
[Info  - 16:58:26.515] Found 0 issues
[Info  - 16:58:27.021] Analyzing file 'file:///home/anon/Documents/House-price-prediction/website/app.py'...
[Info  - 16:58:27.071] Found 0 issues
