2021-07-12T02:38:15.497Z I "the monkey has been patched"
2021-07-12T02:38:15.883Z I "version:  ","3.84.11"
2021-07-12T02:38:16.362Z I "config up to date"
2021-07-12T02:38:18.189Z I "scheduling to check sse in",1,"seconds"
2021-07-12T02:38:18.198Z I "startFile: ","file:///tmp/.mount_tutano2m81Kb/resources/app.asar/index-desktop.html"
2021-07-12T02:38:18.382Z I "getting dictionaries from:","https://mail.tutanota.com/desktop/dictionaries/"
2021-07-12T02:38:18.653Z I "default mailto handler:",false
2021-07-12T02:38:19.194Z I "scheduling to check sse in",10,"seconds"
2021-07-12T02:38:19.194Z I "sse info not available, skip reconnect"
2021-07-12T02:38:20.435Z I "Webapp ready"
2021-07-12T02:38:20.442Z I "autoUpdater info:\n","Checking for update"
2021-07-12T02:38:20.443Z I "autoUpdater info:\n","checking-for-update"
2021-07-12T02:38:20.668Z I "desktop file exists, checking version..."
2021-07-12T02:38:21.817Z I "autoUpdater info:\n","Update for version 3.84.11 is not available (latest version: 3.84.11, downgrade is disallowed)."
2021-07-12T02:38:21.821Z I "autoUpdater info:\n","update not available:",{"version":"3.84.11","files":[{"url":"tutanota-desktop-linux.AppImage","sha512":"OnklbI3GGMHaq+2lMhnri0z3QrLAepzVNYcND2fXG8dWwh78kyKZxVMPTwvFNwKw6F43eUx97riBSZ3xpciyxg==","size":88389710,"blockMapSize":92258}],"path":"tutanota-desktop-linux.AppImage","sha512":"OnklbI3GGMHaq+2lMhnri0z3QrLAepzVNYcND2fXG8dWwh78kyKZxVMPTwvFNwKw6F43eUx97riBSZ3xpciyxg==","releaseDate":"2021-07-07T12:23:57.364Z","signature":"Qxlc/IasNrqt9Vckcu0Vkka1TlIjwlmwI0Ux2EmD+IZN8DoPIxms7Ttw3SV/tfVENZJj+mDpo/XazQog1NpT9ZuqPfVaqOJuy6gmgbhbi3h7E75wxH6Uvzz/8VvEBXWf0mn6alqn0q93jZQY6krxhy8tk5w1fMHNA3frycbhskFiHJlcHNWE+lkpGLpT+o0krTv7l5jQKT40LRVyvgXBl2cQBY/vDjVg0se4EDUkWwhCE7p561DcrEHlg5rVA3LnAbbDOikm+KaQHYBZOxWnvrqA+VjxJdtCIIHcPT8q89+TrZllE28dwQSvLVh321keRS1cm78q/4GCvFU3II9DBQ=="}
2021-07-12T02:38:25.686Z I "storing push identifier"
2021-07-12T02:38:29.197Z I "scheduling to check sse in",10,"seconds"
2021-07-12T02:38:29.198Z I "sse info not available, skip reconnect"
2021-07-12T02:38:39.213Z I "scheduling to check sse in",10,"seconds"
2021-07-12T02:38:39.213Z I "sse info not available, skip reconnect"
2021-07-12T02:38:49.223Z I "scheduling to check sse in",10,"seconds"
2021-07-12T02:38:49.223Z I "sse info not available, skip reconnect"
2021-07-12T02:38:59.233Z I "scheduling to check sse in",10,"seconds"
2021-07-12T02:38:59.233Z I "sse info not available, skip reconnect"
2021-07-12T02:39:09.243Z I "scheduling to check sse in",10,"seconds"
2021-07-12T02:39:09.243Z I "sse info not available, skip reconnect"
2021-07-12T02:39:19.255Z I "scheduling to check sse in",10,"seconds"
2021-07-12T02:39:19.255Z I "sse info not available, skip reconnect"
2021-07-12T02:39:29.266Z I "scheduling to check sse in",10,"seconds"
2021-07-12T02:39:29.267Z I "sse info not available, skip reconnect"
2021-07-12T02:39:39.276Z I "scheduling to check sse in",10,"seconds"
2021-07-12T02:39:39.276Z I "sse info not available, skip reconnect"
2021-07-12T02:39:49.286Z I "scheduling to check sse in",10,"seconds"
2021-07-12T02:39:49.286Z I "sse info not available, skip reconnect"
2021-07-12T02:39:59.296Z I "scheduling to check sse in",10,"seconds"
2021-07-12T02:39:59.296Z I "sse info not available, skip reconnect"
2021-07-12T02:40:09.306Z I "scheduling to check sse in",10,"seconds"
2021-07-12T02:40:09.307Z I "sse info not available, skip reconnect"
2021-07-12T02:40:19.317Z I "scheduling to check sse in",10,"seconds"
2021-07-12T02:40:19.317Z I "sse info not available, skip reconnect"
2021-07-12T02:40:29.326Z I "scheduling to check sse in",10,"seconds"
2021-07-12T02:40:29.327Z I "sse info not available, skip reconnect"
2021-07-12T02:40:39.336Z I "scheduling to check sse in",10,"seconds"
2021-07-12T02:40:39.336Z I "sse info not available, skip reconnect"
2021-07-12T02:40:49.340Z I "scheduling to check sse in",10,"seconds"
2021-07-12T02:40:49.340Z I "sse info not available, skip reconnect"
2021-07-12T02:40:59.342Z I "scheduling to check sse in",10,"seconds"
2021-07-12T02:40:59.342Z I "sse info not available, skip reconnect"
2021-07-12T02:41:09.350Z I "scheduling to check sse in",10,"seconds"
2021-07-12T02:41:09.350Z I "sse info not available, skip reconnect"
2021-07-12T02:41:19.359Z I "scheduling to check sse in",10,"seconds"
2021-07-12T02:41:19.359Z I "sse info not available, skip reconnect"
2021-07-12T02:41:29.369Z I "scheduling to check sse in",10,"seconds"
2021-07-12T02:41:29.369Z I "sse info not available, skip reconnect"
2021-07-12T02:41:39.380Z I "scheduling to check sse in",10,"seconds"
2021-07-12T02:41:39.380Z I "sse info not available, skip reconnect"
2021-07-12T02:41:49.392Z I "scheduling to check sse in",10,"seconds"
2021-07-12T02:41:49.393Z I "sse info not available, skip reconnect"
2021-07-12T02:41:59.403Z I "scheduling to check sse in",10,"seconds"
2021-07-12T02:41:59.403Z I "sse info not available, skip reconnect"
2021-07-12T02:42:09.413Z I "scheduling to check sse in",10,"seconds"
2021-07-12T02:42:09.413Z I "sse info not available, skip reconnect"
2021-07-12T02:42:19.423Z I "scheduling to check sse in",10,"seconds"
2021-07-12T02:42:19.423Z I "sse info not available, skip reconnect"