[2021-06-29 19:14:18.924] [exthost] [info] extension host started
[2021-06-29 19:14:19.245] [exthost] [info] ExtensionService#_doActivateExtension vscode.typescript-language-features {"startup":false,"extensionId":{"value":"SonarSource.sonarlint-vscode","_lower":"sonarsource.sonarlint-vscode"},"activationEvent":"onView:SonarLint.AllRules"}
[2021-06-29 19:14:19.245] [exthost] [info] ExtensionService#loadCommonJSModule file:///usr/lib/code/extensions/typescript-language-features/dist/extension
[2021-06-29 19:14:19.281] [exthost] [info] ExtensionService#_doActivateExtension vscode.debug-auto-launch {"startup":true,"extensionId":{"value":"vscode.debug-auto-launch","_lower":"vscode.debug-auto-launch"},"activationEvent":"*"}
[2021-06-29 19:14:19.283] [exthost] [info] ExtensionService#loadCommonJSModule file:///usr/lib/code/extensions/debug-auto-launch/dist/extension
[2021-06-29 19:14:19.294] [exthost] [info] ExtensionService#_doActivateExtension vscode.git {"startup":true,"extensionId":{"value":"vscode.github","_lower":"vscode.github"},"activationEvent":"*"}
[2021-06-29 19:14:19.294] [exthost] [info] ExtensionService#loadCommonJSModule file:///usr/lib/code/extensions/git/dist/main
[2021-06-29 19:14:19.354] [exthost] [info] ExtensionService#_doActivateExtension RobbOwen.synthwave-vscode {"startup":true,"extensionId":{"value":"RobbOwen.synthwave-vscode","_lower":"robbowen.synthwave-vscode"},"activationEvent":"*"}
[2021-06-29 19:14:19.354] [exthost] [info] ExtensionService#loadCommonJSModule file:///home/anon/.vscode-oss/extensions/robbowen.synthwave-vscode-0.1.8/src/extension.js
[2021-06-29 19:14:19.491] [exthost] [info] ExtensionService#_doActivateExtension SonarSource.sonarlint-vscode {"startup":false,"extensionId":{"value":"SonarSource.sonarlint-vscode","_lower":"sonarsource.sonarlint-vscode"},"activationEvent":"onView:SonarLint.AllRules"}
[2021-06-29 19:14:19.491] [exthost] [info] ExtensionService#loadCommonJSModule file:///home/anon/.vscode-oss/extensions/sonarsource.sonarlint-vscode-2.0.0/dist/extension
[2021-06-29 19:14:19.786] [exthost] [info] ExtensionService#_doActivateExtension vscode.github {"startup":true,"extensionId":{"value":"vscode.github","_lower":"vscode.github"},"activationEvent":"*"}
[2021-06-29 19:14:19.786] [exthost] [info] ExtensionService#loadCommonJSModule file:///usr/lib/code/extensions/github/dist/extension.js
[2021-06-29 19:14:19.948] [exthost] [info] ExtensionService#_doActivateExtension ms-vscode.js-debug {"startup":false,"extensionId":{"value":"ms-vscode.js-debug","_lower":"ms-vscode.js-debug"},"activationEvent":"onCommand:extension.js-debug.clearAutoAttachVariables"}
[2021-06-29 19:14:19.948] [exthost] [info] ExtensionService#loadCommonJSModule file:///usr/lib/code/extensions/ms-vscode.js-debug/src/extension.js
[2021-06-29 19:14:20.226] [exthost] [info] eager extensions activated
[2021-06-29 19:14:20.274] [exthost] [info] ExtensionService#_doActivateExtension vscode.emmet {"startup":false,"extensionId":{"value":"vscode.emmet","_lower":"vscode.emmet"},"activationEvent":"onStartupFinished"}
[2021-06-29 19:14:20.274] [exthost] [info] ExtensionService#loadCommonJSModule file:///usr/lib/code/extensions/emmet/dist/node/emmetNodeMain
[2021-06-29 19:14:20.285] [exthost] [info] ExtensionService#_doActivateExtension vscode.merge-conflict {"startup":false,"extensionId":{"value":"vscode.merge-conflict","_lower":"vscode.merge-conflict"},"activationEvent":"onStartupFinished"}
[2021-06-29 19:14:20.285] [exthost] [info] ExtensionService#loadCommonJSModule file:///usr/lib/code/extensions/merge-conflict/dist/mergeConflictMain
[2021-06-29 19:14:20.288] [exthost] [info] ExtensionService#_doActivateExtension vscode.testing-editor-contributions {"startup":false,"extensionId":{"value":"vscode.testing-editor-contributions","_lower":"vscode.testing-editor-contributions"},"activationEvent":"onStartupFinished"}
[2021-06-29 19:14:20.288] [exthost] [info] ExtensionService#loadCommonJSModule file:///usr/lib/code/extensions/testing-editor-contributions/dist/extension.js
[2021-06-29 19:14:20.290] [exthost] [info] ExtensionService#_doActivateExtension vadimcn.vscode-lldb {"startup":false,"extensionId":{"value":"vadimcn.vscode-lldb","_lower":"vadimcn.vscode-lldb"},"activationEvent":"onStartupFinished"}
[2021-06-29 19:14:20.290] [exthost] [info] ExtensionService#loadCommonJSModule file:///home/anon/.vscode-oss/extensions/vadimcn.vscode-lldb-1.6.5/extension.js
[2021-06-29 20:33:57.916] [exthost] [info] extension host terminating: received terminate message from renderer
[2021-06-29 20:33:58.979] [exthost] [info] exiting with code 0
