[Info  - 08:26:57.945] Started security hotspot handler on port 64120
[Info  - 08:26:58.676] Analyzing file 'file:///home/anon/Documents/House-price-prediction/website/app.py'...
[Info  - 08:27:10.121] Creating container for module with key=file:///home/anon/Documents/House-price-prediction
[Info  - 08:27:29.406] Found 0 issues
[Info  - 08:27:29.409] Analyzing file 'file:///home/anon/Documents/House-price-prediction/website/templates/privacy-policy.html'...
[Info  - 08:27:29.559] Found 3 issues
[Info  - 08:27:29.560] Analyzing file 'file:///home/anon/Documents/House-price-prediction/website/templates/predict.html'...
[Info  - 08:27:29.628] Found 3 issues
[Info  - 08:27:29.634] Analyzing file 'file:///home/anon/Documents/House-price-prediction/website/templates/privacy-policy.html'...
[Info  - 08:27:29.702] Found 3 issues
[Info  - 08:27:29.705] Analyzing file 'file:///home/anon/Documents/House-price-prediction/website/templates/privacy-policy.html'...
[Info  - 08:27:29.812] Found 3 issues
[Info  - 08:27:37.385] Analyzing file 'file:///home/anon/Documents/House-price-prediction/website/templates/privacy-policy.html'...
[Info  - 08:27:37.588] Found 3 issues
[Info  - 08:27:37.591] Analyzing file 'file:///home/anon/Documents/House-price-prediction/website/templates/privacy-policy.html'...
[Info  - 08:27:37.681] Found 3 issues
[Info  - 08:27:39.700] Analyzing file 'file:///home/anon/Documents/House-price-prediction/website/templates/privacy-policy.html'...
[Info  - 08:27:39.989] Found 3 issues
[Info  - 08:27:39.991] Analyzing file 'file:///home/anon/Documents/House-price-prediction/website/templates/privacy-policy.html'...
[Info  - 08:27:40.084] Found 3 issues
[Info  - 08:29:50.429] Analyzing file 'file:///home/anon/Documents/House-price-prediction/website/templates/privacy-policy.html'...
[Info  - 08:29:50.690] Found 3 issues
[Info  - 08:29:50.691] Analyzing file 'file:///home/anon/Documents/House-price-prediction/website/templates/privacy-policy.html'...
[Info  - 08:29:50.861] Found 3 issues
[Info  - 08:30:06.855] Analyzing file 'file:///home/anon/Documents/House-price-prediction/website/templates/privacy-policy.html'...
[Info  - 08:30:06.973] Found 3 issues
[Info  - 08:30:08.657] Analyzing file 'file:///home/anon/Documents/House-price-prediction/website/templates/privacy-policy.html'...
[Info  - 08:30:08.852] Found 3 issues
[Info  - 08:30:09.259] Analyzing file 'file:///home/anon/Documents/House-price-prediction/website/templates/privacy-policy.html'...
[Info  - 08:30:09.406] Found 3 issues
[Info  - 08:30:10.063] Analyzing file 'file:///home/anon/Documents/House-price-prediction/website/templates/privacy-policy.html'...
[Info  - 08:30:10.293] Found 3 issues
[Info  - 08:30:10.660] Analyzing file 'file:///home/anon/Documents/House-price-prediction/website/templates/privacy-policy.html'...
[Info  - 08:30:10.972] Found 3 issues
[Info  - 08:30:12.262] Analyzing file 'file:///home/anon/Documents/House-price-prediction/website/templates/privacy-policy.html'...
[Info  - 08:30:12.420] Found 3 issues
[Info  - 08:30:15.666] Analyzing file 'file:///home/anon/Documents/House-price-prediction/website/templates/privacy-policy.html'...
[Info  - 08:30:15.752] Found 3 issues
[Info  - 08:30:15.969] Analyzing file 'file:///home/anon/Documents/House-price-prediction/website/templates/privacy-policy.html'...
[Info  - 08:30:16.019] Found 3 issues
[Info  - 08:30:21.269] Analyzing file 'file:///home/anon/Documents/House-price-prediction/website/templates/privacy-policy.html'...
[Info  - 08:30:21.361] Found 3 issues
[Info  - 08:30:22.071] Analyzing file 'file:///home/anon/Documents/House-price-prediction/website/templates/privacy-policy.html'...
[Info  - 08:30:22.315] Found 3 issues
[Info  - 08:30:25.074] Analyzing file 'file:///home/anon/Documents/House-price-prediction/website/templates/privacy-policy.html'...
[Info  - 08:30:25.219] Found 3 issues
[Info  - 08:30:26.475] Analyzing file 'file:///home/anon/Documents/House-price-prediction/website/templates/privacy-policy.html'...
[Info  - 08:30:26.566] Found 3 issues
[Info  - 08:30:27.275] Analyzing file 'file:///home/anon/Documents/House-price-prediction/website/templates/privacy-policy.html'...
[Info  - 08:30:27.380] Found 3 issues
[Info  - 08:30:30.081] Analyzing file 'file:///home/anon/Documents/House-price-prediction/website/templates/privacy-policy.html'...
[Info  - 08:30:30.136] Found 3 issues
[Info  - 08:30:31.883] Analyzing file 'file:///home/anon/Documents/House-price-prediction/website/templates/privacy-policy.html'...
[Info  - 08:30:31.973] Found 3 issues
[Info  - 08:30:35.352] Analyzing file 'file:///home/anon/Documents/House-price-prediction/website/templates/privacy-policy.html'...
[Info  - 08:30:35.528] Found 3 issues
[Info  - 08:30:41.293] Analyzing file 'file:///home/anon/Documents/House-price-prediction/website/templates/privacy-policy.html'...
[Info  - 08:30:41.472] Found 3 issues
[Info  - 08:30:48.099] Analyzing file 'file:///home/anon/Documents/House-price-prediction/website/templates/privacy-policy.html'...
[Info  - 08:30:48.340] Found 3 issues
[Info  - 08:30:49.299] Analyzing file 'file:///home/anon/Documents/House-price-prediction/website/templates/privacy-policy.html'...
[Info  - 08:30:49.341] Found 3 issues
[Info  - 08:30:52.502] Analyzing file 'file:///home/anon/Documents/House-price-prediction/website/templates/privacy-policy.html'...
[Info  - 08:30:52.544] Found 3 issues
[Info  - 08:30:55.305] Analyzing file 'file:///home/anon/Documents/House-price-prediction/website/templates/privacy-policy.html'...
[Info  - 08:30:55.354] Found 3 issues
[Info  - 08:31:00.312] Analyzing file 'file:///home/anon/Documents/House-price-prediction/website/templates/privacy-policy.html'...
[Info  - 08:31:00.498] Found 3 issues
[Info  - 08:31:00.499] Analyzing file 'file:///home/anon/Documents/House-price-prediction/website/templates/privacy-policy.html'...
[Info  - 08:31:00.562] Found 3 issues
[Info  - 08:31:14.730] Analyzing file 'file:///home/anon/Documents/House-price-prediction/website/templates/privacy-policy.html'...
[Info  - 08:31:14.822] Found 3 issues
[Info  - 08:31:17.332] Analyzing file 'file:///home/anon/Documents/House-price-prediction/website/templates/privacy-policy.html'...
[Info  - 08:31:17.427] Found 3 issues
[Info  - 08:31:20.338] Analyzing file 'file:///home/anon/Documents/House-price-prediction/website/templates/privacy-policy.html'...
[Info  - 08:31:20.439] Found 3 issues
[Info  - 08:31:29.950] Analyzing file 'file:///home/anon/Documents/House-price-prediction/website/templates/privacy-policy.html'...
[Info  - 08:31:30.093] Found 3 issues
[Info  - 08:31:30.483] Analyzing file 'file:///home/anon/Documents/House-price-prediction/website/templates/privacy-policy.html'...
[Info  - 08:31:30.545] Found 3 issues
[Info  - 08:31:30.951] Analyzing file 'file:///home/anon/Documents/House-price-prediction/website/templates/privacy-policy.html'...
[Info  - 08:31:31.181] Found 3 issues
[Info  - 08:31:38.358] Analyzing file 'file:///home/anon/Documents/House-price-prediction/website/templates/privacy-policy.html'...
[Info  - 08:31:38.379] Found 3 issues
[Info  - 08:31:45.368] Analyzing file 'file:///home/anon/Documents/House-price-prediction/website/templates/privacy-policy.html'...
[Info  - 08:31:45.473] Found 3 issues
[Info  - 08:31:55.384] Analyzing file 'file:///home/anon/Documents/House-price-prediction/website/templates/privacy-policy.html'...
[Info  - 08:31:55.406] Found 3 issues
[Info  - 08:31:56.585] Analyzing file 'file:///home/anon/Documents/House-price-prediction/website/templates/privacy-policy.html'...
[Info  - 08:31:56.611] Found 3 issues
[Info  - 08:31:58.987] Analyzing file 'file:///home/anon/Documents/House-price-prediction/website/templates/privacy-policy.html'...
[Info  - 08:31:59.184] Found 3 issues
[Info  - 08:32:04.193] Analyzing file 'file:///home/anon/Documents/House-price-prediction/website/templates/privacy-policy.html'...
[Info  - 08:32:04.226] Found 3 issues
[Info  - 08:32:05.594] Analyzing file 'file:///home/anon/Documents/House-price-prediction/website/templates/privacy-policy.html'...
[Info  - 08:32:05.625] Found 3 issues
[Info  - 08:32:05.630] Analyzing file 'file:///home/anon/Documents/House-price-prediction/website/templates/privacy-policy.html'...
[Info  - 08:32:05.672] Found 3 issues
[Info  - 08:32:11.000] Analyzing file 'file:///home/anon/Documents/House-price-prediction/website/templates/privacy-policy.html'...
[Info  - 08:32:11.202] Found 3 issues
[Info  - 08:32:12.002] Analyzing file 'file:///home/anon/Documents/House-price-prediction/website/templates/privacy-policy.html'...
[Info  - 08:32:12.184] Found 3 issues
[Info  - 08:32:12.299] Analyzing file 'file:///home/anon/Documents/House-price-prediction/website/templates/privacy-policy.html'...
[Info  - 08:32:12.342] Found 3 issues
[Info  - 08:32:21.811] Analyzing file 'file:///home/anon/Documents/House-price-prediction/website/templates/privacy-policy.html'...
[Info  - 08:32:21.924] Found 3 issues
[Info  - 08:32:24.419] Analyzing file 'file:///home/anon/Documents/House-price-prediction/website/templates/privacy-policy.html'...
[Info  - 08:32:24.465] Found 3 issues
[Info  - 08:32:25.019] Analyzing file 'file:///home/anon/Documents/House-price-prediction/website/templates/privacy-policy.html'...
[Info  - 08:32:25.050] Found 3 issues
[Info  - 08:32:25.619] Analyzing file 'file:///home/anon/Documents/House-price-prediction/website/templates/privacy-policy.html'...
[Info  - 08:32:25.676] Found 3 issues
[Info  - 08:32:27.621] Analyzing file 'file:///home/anon/Documents/House-price-prediction/website/templates/privacy-policy.html'...
[Info  - 08:32:27.655] Found 3 issues
[Info  - 08:32:28.222] Analyzing file 'file:///home/anon/Documents/House-price-prediction/website/templates/privacy-policy.html'...
[Info  - 08:32:28.283] Found 3 issues
[Info  - 08:32:31.025] Analyzing file 'file:///home/anon/Documents/House-price-prediction/website/templates/privacy-policy.html'...
[Info  - 08:32:31.047] Found 3 issues
[Info  - 08:32:31.924] Analyzing file 'file:///home/anon/Documents/House-price-prediction/website/templates/privacy-policy.html'...
[Info  - 08:32:32.048] Found 3 issues
[Info  - 08:32:32.427] Analyzing file 'file:///home/anon/Documents/House-price-prediction/website/templates/privacy-policy.html'...
[Info  - 08:32:32.463] Found 3 issues
[Info  - 08:32:38.639] Analyzing file 'file:///home/anon/Documents/House-price-prediction/website/templates/privacy-policy.html'...
[Info  - 08:32:38.668] Found 3 issues
[Info  - 08:32:39.641] Analyzing file 'file:///home/anon/Documents/House-price-prediction/website/templates/privacy-policy.html'...
[Info  - 08:32:39.841] Found 3 issues
[Info  - 08:32:40.148] Analyzing file 'file:///home/anon/Documents/House-price-prediction/website/templates/privacy-policy.html'...
[Info  - 08:32:40.223] Found 3 issues
[Info  - 08:33:08.077] Analyzing file 'file:///home/anon/Documents/House-price-prediction/website/templates/privacy-policy.html'...
[Info  - 08:33:08.257] Found 3 issues
[Info  - 08:33:09.674] Analyzing file 'file:///home/anon/Documents/House-price-prediction/website/templates/privacy-policy.html'...
[Info  - 08:33:09.771] Found 3 issues
[Info  - 08:33:12.279] Analyzing file 'file:///home/anon/Documents/House-price-prediction/website/templates/privacy-policy.html'...
[Info  - 08:33:12.331] Found 3 issues
[Info  - 08:33:12.906] Analyzing file 'file:///home/anon/Documents/House-price-prediction/website/templates/privacy-policy.html'...
[Info  - 08:33:13.030] Found 3 issues
[Info  - 08:33:13.081] Analyzing file 'file:///home/anon/Documents/House-price-prediction/website/templates/privacy-policy.html'...
[Info  - 08:33:13.152] Found 3 issues
[Info  - 08:33:20.887] Analyzing file 'file:///home/anon/Documents/House-price-prediction/website/templates/privacy-policy.html'...
[Info  - 08:33:20.953] Found 3 issues
[Info  - 08:33:22.090] Analyzing file 'file:///home/anon/Documents/House-price-prediction/website/templates/privacy-policy.html'...
[Info  - 08:33:22.187] Found 3 issues
[Info  - 08:33:23.691] Analyzing file 'file:///home/anon/Documents/House-price-prediction/website/templates/privacy-policy.html'...
[Info  - 08:33:23.735] Found 3 issues
[Info  - 08:33:24.892] Analyzing file 'file:///home/anon/Documents/House-price-prediction/website/templates/privacy-policy.html'...
[Info  - 08:33:24.945] Found 3 issues
[Info  - 08:33:26.693] Analyzing file 'file:///home/anon/Documents/House-price-prediction/website/templates/privacy-policy.html'...
[Info  - 08:33:26.738] Found 3 issues
[Info  - 08:33:28.095] Analyzing file 'file:///home/anon/Documents/House-price-prediction/website/templates/privacy-policy.html'...
[Info  - 08:33:28.221] Found 3 issues
[Info  - 08:33:30.896] Analyzing file 'file:///home/anon/Documents/House-price-prediction/website/templates/privacy-policy.html'...
[Info  - 08:33:30.936] Found 3 issues
[Info  - 08:33:32.498] Analyzing file 'file:///home/anon/Documents/House-price-prediction/website/templates/privacy-policy.html'...
[Info  - 08:33:32.515] Found 3 issues
[Info  - 08:33:34.032] Analyzing file 'file:///home/anon/Documents/House-price-prediction/website/templates/privacy-policy.html'...
[Info  - 08:33:34.137] Found 3 issues
[Info  - 08:33:34.150] Analyzing file 'file:///home/anon/Documents/House-price-prediction/website/templates/privacy-policy.html'...
[Info  - 08:33:34.248] Found 3 issues
[Info  - 08:33:43.323] Analyzing file 'file:///home/anon/Documents/House-price-prediction/website/templates/privacy-policy.html'...
[Info  - 08:33:43.348] Found 3 issues
[Info  - 08:33:44.724] Analyzing file 'file:///home/anon/Documents/House-price-prediction/website/templates/privacy-policy.html'...
[Info  - 08:33:44.773] Found 3 issues
[Info  - 08:33:45.334] Analyzing file 'file:///home/anon/Documents/House-price-prediction/website/templates/privacy-policy.html'...
[Info  - 08:33:45.424] Found 3 issues
[Info  - 08:33:51.531] Analyzing file 'file:///home/anon/Documents/House-price-prediction/website/templates/privacy-policy.html'...
[Info  - 08:33:51.599] Found 3 issues
[Info  - 08:33:52.131] Analyzing file 'file:///home/anon/Documents/House-price-prediction/website/templates/privacy-policy.html'...
[Info  - 08:33:52.167] Found 3 issues
[Info  - 08:33:53.533] Analyzing file 'file:///home/anon/Documents/House-price-prediction/website/templates/privacy-policy.html'...
[Info  - 08:33:53.634] Found 3 issues
[Info  - 08:33:54.135] Analyzing file 'file:///home/anon/Documents/House-price-prediction/website/templates/privacy-policy.html'...
[Info  - 08:33:54.210] Found 3 issues
[Info  - 08:33:56.138] Analyzing file 'file:///home/anon/Documents/House-price-prediction/website/templates/privacy-policy.html'...
[Info  - 08:33:56.239] Found 3 issues
[Info  - 08:34:24.168] Analyzing file 'file:///home/anon/Documents/House-price-prediction/website/templates/privacy-policy.html'...
[Info  - 08:34:24.200] Found 3 issues
[Info  - 08:34:27.611] Analyzing file 'file:///home/anon/Documents/House-price-prediction/website/templates/privacy-policy.html'...
[Info  - 08:34:27.683] Found 3 issues
[Info  - 08:34:27.771] Analyzing file 'file:///home/anon/Documents/House-price-prediction/website/templates/privacy-policy.html'...
[Info  - 08:34:27.842] Found 3 issues
[Info  - 08:34:34.178] Analyzing file 'file:///home/anon/Documents/House-price-prediction/website/templates/privacy-policy.html'...
[Info  - 08:34:34.270] Found 3 issues
[Info  - 08:34:39.783] Analyzing file 'file:///home/anon/Documents/House-price-prediction/website/templates/privacy-policy.html'...
[Info  - 08:34:39.856] Found 3 issues
[Info  - 08:34:40.638] Analyzing file 'file:///home/anon/Documents/House-price-prediction/website/templates/privacy-policy.html'...
[Info  - 08:34:40.674] Found 3 issues
[Info  - 08:35:02.601] Analyzing file 'file:///home/anon/Documents/House-price-prediction/website/templates/privacy-policy.html'...
[Info  - 08:35:02.620] Found 3 issues
[Info  - 08:35:04.372] Analyzing file 'file:///home/anon/Documents/House-price-prediction/website/templates/privacy-policy.html'...
[Info  - 08:35:04.395] Found 3 issues
[Info  - 08:35:04.412] Analyzing file 'file:///home/anon/Documents/House-price-prediction/website/templates/privacy-policy.html'...
[Info  - 08:35:04.439] Found 3 issues
[Info  - 08:35:17.229] Analyzing file 'file:///home/anon/Documents/House-price-prediction/website/templates/privacy-policy.html'...
[Info  - 08:35:17.302] Found 3 issues
[Info  - 08:35:18.030] Analyzing file 'file:///home/anon/Documents/House-price-prediction/website/templates/privacy-policy.html'...
[Info  - 08:35:18.059] Found 3 issues
[Info  - 08:35:19.232] Analyzing file 'file:///home/anon/Documents/House-price-prediction/website/templates/privacy-policy.html'...
[Info  - 08:35:19.291] Found 3 issues
[Info  - 08:35:26.444] Analyzing file 'file:///home/anon/Documents/House-price-prediction/website/templates/privacy-policy.html'...
[Info  - 08:35:26.505] Found 3 issues
[Info  - 08:35:27.047] Analyzing file 'file:///home/anon/Documents/House-price-prediction/website/templates/privacy-policy.html'...
[Info  - 08:35:27.230] Found 3 issues
[Info  - 08:35:28.249] Analyzing file 'file:///home/anon/Documents/House-price-prediction/website/templates/privacy-policy.html'...
[Info  - 08:35:28.296] Found 3 issues
[Info  - 08:35:28.345] Analyzing file 'file:///home/anon/Documents/House-price-prediction/website/templates/privacy-policy.html'...
[Info  - 08:35:28.396] Found 3 issues
[Info  - 08:35:35.667] Analyzing file 'file:///home/anon/Documents/House-price-prediction/website/templates/privacy-policy.html'...
[Info  - 08:35:35.718] Found 3 issues
[Info  - 08:35:36.668] Analyzing file 'file:///home/anon/Documents/House-price-prediction/website/templates/privacy-policy.html'...
[Info  - 08:35:36.720] Found 3 issues
[Info  - 08:36:06.298] Analyzing file 'file:///home/anon/Documents/House-price-prediction/website/templates/privacy-policy.html'...
[Info  - 08:36:06.368] Found 3 issues
[Info  - 08:36:07.899] Analyzing file 'file:///home/anon/Documents/House-price-prediction/website/templates/privacy-policy.html'...
[Info  - 08:36:07.958] Found 3 issues
[Info  - 08:36:11.907] Analyzing file 'file:///home/anon/Documents/House-price-prediction/website/templates/privacy-policy.html'...
[Info  - 08:36:11.953] Found 3 issues
[Info  - 08:36:12.938] Analyzing file 'file:///home/anon/Documents/House-price-prediction/website/templates/privacy-policy.html'...
[Info  - 08:36:12.967] Found 3 issues
[Info  - 08:36:13.308] Analyzing file 'file:///home/anon/Documents/House-price-prediction/website/templates/privacy-policy.html'...
[Info  - 08:36:13.326] Found 3 issues
[Info  - 08:36:22.121] Analyzing file 'file:///home/anon/Documents/House-price-prediction/website/templates/privacy-policy.html'...
[Info  - 08:36:22.152] Found 3 issues
[Info  - 08:36:23.360] Analyzing file 'file:///home/anon/Documents/House-price-prediction/website/templates/privacy-policy.html'...
[Info  - 08:36:23.448] Found 3 issues
[Info  - 08:36:23.725] Analyzing file 'file:///home/anon/Documents/House-price-prediction/website/templates/privacy-policy.html'...
[Info  - 08:36:23.743] Found 3 issues
[Info  - 08:36:28.129] Analyzing file 'file:///home/anon/Documents/House-price-prediction/website/templates/privacy-policy.html'...
[Info  - 08:36:28.154] Found 3 issues
[Info  - 08:36:29.737] Analyzing file 'file:///home/anon/Documents/House-price-prediction/website/templates/privacy-policy.html'...
[Info  - 08:36:29.752] Found 3 issues
[Info  - 08:36:29.837] Analyzing file 'file:///home/anon/Documents/House-price-prediction/website/templates/privacy-policy.html'...
[Info  - 08:36:29.882] Found 3 issues
[Info  - 08:36:40.558] Analyzing file 'file:///home/anon/Documents/House-price-prediction/website/templates/privacy-policy.html'...
[Info  - 08:36:40.652] Found 3 issues
[Info  - 08:36:41.133] Analyzing file 'file:///home/anon/Documents/House-price-prediction/website/templates/privacy-policy.html'...
[Info  - 08:36:41.300] Found 3 issues
[Info  - 08:36:41.361] Analyzing file 'file:///home/anon/Documents/House-price-prediction/website/templates/privacy-policy.html'...
[Info  - 08:36:41.455] Found 3 issues
[Info  - 08:36:42.776] Analyzing file 'file:///home/anon/Documents/House-price-prediction/website/templates/privacy-policy.html'...
[Info  - 08:36:42.839] Found 3 issues
[Info  - 08:36:59.179] Analyzing file 'file:///home/anon/Documents/House-price-prediction/website/templates/privacy-policy.html'...
[Info  - 08:36:59.301] Found 4 issues
[Info  - 08:37:06.971] Analyzing file 'file:///home/anon/Documents/House-price-prediction/website/templates/privacy-policy.html'...
[Info  - 08:37:07.049] Found 3 issues
[Info  - 08:37:07.588] Analyzing file 'file:///home/anon/Documents/House-price-prediction/website/templates/privacy-policy.html'...
[Info  - 08:37:07.639] Found 3 issues
[Info  - 08:37:14.398] Analyzing file 'file:///home/anon/Documents/House-price-prediction/website/templates/privacy-policy.html'...
[Info  - 08:37:14.436] Found 3 issues
[Info  - 08:37:15.138] Analyzing file 'file:///home/anon/Documents/House-price-prediction/website/templates/privacy-policy.html'...
[Info  - 08:37:15.183] Found 3 issues
[Info  - 08:38:19.873] Analyzing file 'file:///home/anon/Documents/House-price-prediction/website/templates/predict.html'...
[Info  - 08:38:19.935] Found 3 issues
[Info  - 08:38:22.478] Analyzing file 'file:///home/anon/Documents/House-price-prediction/website/templates/predict.html'...
[Info  - 08:38:22.552] Found 3 issues
[Info  - 08:38:27.285] Analyzing file 'file:///home/anon/Documents/House-price-prediction/website/templates/predict.html'...
[Info  - 08:38:27.459] Found 3 issues
[Info  - 08:38:28.285] Analyzing file 'file:///home/anon/Documents/House-price-prediction/website/templates/predict.html'...
[Info  - 08:38:28.336] Found 3 issues
[Info  - 08:38:30.087] Analyzing file 'file:///home/anon/Documents/House-price-prediction/website/templates/predict.html'...
[Info  - 08:38:30.205] Found 3 issues
[Info  - 08:38:30.888] Analyzing file 'file:///home/anon/Documents/House-price-prediction/website/templates/predict.html'...
[Info  - 08:38:30.934] Found 3 issues
[Info  - 08:38:31.489] Analyzing file 'file:///home/anon/Documents/House-price-prediction/website/templates/predict.html'...
[Info  - 08:38:31.556] Found 3 issues
[Info  - 08:38:32.290] Analyzing file 'file:///home/anon/Documents/House-price-prediction/website/templates/predict.html'...
[Info  - 08:38:32.375] Found 3 issues
[Info  - 08:38:33.492] Analyzing file 'file:///home/anon/Documents/House-price-prediction/website/templates/predict.html'...
[Info  - 08:38:33.561] Found 3 issues
[Info  - 08:38:36.894] Analyzing file 'file:///home/anon/Documents/House-price-prediction/website/templates/predict.html'...
[Info  - 08:38:36.935] Found 3 issues
[Info  - 08:38:37.896] Analyzing file 'file:///home/anon/Documents/House-price-prediction/website/templates/predict.html'...
[Info  - 08:38:37.937] Found 3 issues
[Info  - 08:38:39.298] Analyzing file 'file:///home/anon/Documents/House-price-prediction/website/templates/predict.html'...
[Info  - 08:38:39.337] Found 3 issues
[Info  - 08:38:39.898] Analyzing file 'file:///home/anon/Documents/House-price-prediction/website/templates/predict.html'...
[Info  - 08:38:39.958] Found 3 issues
[Info  - 08:38:43.703] Analyzing file 'file:///home/anon/Documents/House-price-prediction/website/templates/predict.html'...
[Info  - 08:38:43.740] Found 3 issues
[Info  - 08:38:46.906] Analyzing file 'file:///home/anon/Documents/House-price-prediction/website/templates/predict.html'...
[Info  - 08:38:46.960] Found 3 issues
[Info  - 08:38:48.308] Analyzing file 'file:///home/anon/Documents/House-price-prediction/website/templates/predict.html'...
[Info  - 08:38:48.366] Found 3 issues
[Info  - 08:38:49.709] Analyzing file 'file:///home/anon/Documents/House-price-prediction/website/templates/predict.html'...
[Info  - 08:38:49.759] Found 3 issues
[Info  - 08:38:53.150] Analyzing file 'file:///home/anon/Documents/House-price-prediction/website/templates/predict.html'...
[Info  - 08:38:53.314] Found 3 issues
[Info  - 08:38:53.316] Analyzing file 'file:///home/anon/Documents/House-price-prediction/website/templates/predict.html'...
[Info  - 08:38:53.353] Found 3 issues
[Info  - 08:38:56.117] Analyzing file 'file:///home/anon/Documents/House-price-prediction/website/templates/predict.html'...
[Info  - 08:38:56.251] Found 3 issues
[Info  - 08:38:58.920] Analyzing file 'file:///home/anon/Documents/House-price-prediction/website/templates/predict.html'...
[Info  - 08:38:58.969] Found 3 issues
[Info  - 08:39:00.123] Analyzing file 'file:///home/anon/Documents/House-price-prediction/website/templates/predict.html'...
[Info  - 08:39:00.284] Found 3 issues
[Info  - 08:39:01.124] Analyzing file 'file:///home/anon/Documents/House-price-prediction/website/templates/predict.html'...
[Info  - 08:39:01.263] Found 3 issues
[Info  - 08:39:01.271] Analyzing file 'file:///home/anon/Documents/House-price-prediction/website/templates/predict.html'...
[Info  - 08:39:01.353] Found 3 issues
[Info  - 08:39:03.325] Analyzing file 'file:///home/anon/Documents/House-price-prediction/website/templates/predict.html'...
[Info  - 08:39:03.388] Found 3 issues
[Info  - 08:39:04.526] Analyzing file 'file:///home/anon/Documents/House-price-prediction/website/templates/predict.html'...
[Info  - 08:39:04.579] Found 3 issues
[Info  - 08:39:06.130] Analyzing file 'file:///home/anon/Documents/House-price-prediction/website/templates/predict.html'...
[Info  - 08:39:06.158] Found 3 issues
[Info  - 08:39:06.931] Analyzing file 'file:///home/anon/Documents/House-price-prediction/website/templates/predict.html'...
[Info  - 08:39:06.969] Found 3 issues
[Info  - 08:39:10.945] Analyzing file 'file:///home/anon/Documents/House-price-prediction/website/templates/predict.html'...
[Info  - 08:39:11.029] Found 3 issues
[Info  - 08:39:11.946] Analyzing file 'file:///home/anon/Documents/House-price-prediction/website/templates/predict.html'...
[Info  - 08:39:11.987] Found 3 issues
[Info  - 08:39:12.947] Analyzing file 'file:///home/anon/Documents/House-price-prediction/website/templates/predict.html'...
[Info  - 08:39:12.980] Found 3 issues
[Info  - 08:39:14.748] Analyzing file 'file:///home/anon/Documents/House-price-prediction/website/templates/predict.html'...
[Info  - 08:39:14.787] Found 3 issues
[Info  - 08:39:16.750] Analyzing file 'file:///home/anon/Documents/House-price-prediction/website/templates/predict.html'...
[Info  - 08:39:16.794] Found 3 issues
[Info  - 08:39:17.954] Analyzing file 'file:///home/anon/Documents/House-price-prediction/website/templates/predict.html'...
[Info  - 08:39:18.011] Found 3 issues
[Info  - 08:39:18.755] Analyzing file 'file:///home/anon/Documents/House-price-prediction/website/templates/predict.html'...
[Info  - 08:39:18.794] Found 3 issues
[Info  - 08:39:20.356] Analyzing file 'file:///home/anon/Documents/House-price-prediction/website/templates/predict.html'...
[Info  - 08:39:20.394] Found 3 issues
[Info  - 08:39:24.161] Analyzing file 'file:///home/anon/Documents/House-price-prediction/website/templates/predict.html'...
[Info  - 08:39:24.226] Found 3 issues
[Info  - 08:39:26.163] Analyzing file 'file:///home/anon/Documents/House-price-prediction/website/templates/predict.html'...
[Info  - 08:39:26.232] Found 3 issues
[Info  - 08:39:27.965] Analyzing file 'file:///home/anon/Documents/House-price-prediction/website/templates/predict.html'...
[Info  - 08:39:28.024] Found 3 issues
[Info  - 08:39:28.967] Analyzing file 'file:///home/anon/Documents/House-price-prediction/website/templates/predict.html'...
[Info  - 08:39:29.026] Found 3 issues
[Info  - 08:39:31.571] Analyzing file 'file:///home/anon/Documents/House-price-prediction/website/templates/predict.html'...
[Info  - 08:39:31.613] Found 3 issues
[Info  - 08:39:33.930] Analyzing file 'file:///home/anon/Documents/House-price-prediction/website/templates/predict.html'...
[Info  - 08:39:34.016] Found 3 issues
[Info  - 08:39:34.176] Analyzing file 'file:///home/anon/Documents/House-price-prediction/website/templates/predict.html'...
[Info  - 08:39:34.202] Found 3 issues
[Info  - 08:40:01.625] Analyzing file 'file:///home/anon/Documents/House-price-prediction/website/templates/predict.html'...
[Info  - 08:40:01.653] Found 3 issues
[Info  - 08:40:04.835] Analyzing file 'file:///home/anon/Documents/House-price-prediction/website/templates/predict.html'...
[Info  - 08:40:04.888] Found 3 issues
[Info  - 08:40:04.889] Analyzing file 'file:///home/anon/Documents/House-price-prediction/website/templates/predict.html'...
[Info  - 08:40:04.944] Found 3 issues
[Info  - 08:40:13.649] Analyzing file 'file:///home/anon/Documents/House-price-prediction/website/templates/predict.html'...
[Info  - 08:40:13.682] Found 3 issues
[Info  - 08:40:13.927] Analyzing file 'file:///home/anon/Documents/House-price-prediction/website/templates/predict.html'...
[Info  - 08:40:13.996] Found 3 issues
[Info  - 08:40:31.664] Analyzing file 'file:///home/anon/Documents/House-price-prediction/website/templates/predict.html'...
[Info  - 08:40:31.692] Found 3 issues
[Info  - 08:40:35.267] Analyzing file 'file:///home/anon/Documents/House-price-prediction/website/templates/predict.html'...
[Info  - 08:40:35.336] Found 3 issues
[Info  - 08:40:35.431] Analyzing file 'file:///home/anon/Documents/House-price-prediction/website/templates/predict.html'...
[Info  - 08:40:35.459] Found 3 issues
[Info  - 08:40:40.871] Analyzing file 'file:///home/anon/Documents/House-price-prediction/website/templates/predict.html'...
[Info  - 08:40:40.915] Found 3 issues
[Info  - 08:40:42.272] Analyzing file 'file:///home/anon/Documents/House-price-prediction/website/templates/predict.html'...
[Info  - 08:40:42.302] Found 3 issues
[Info  - 08:40:43.403] Analyzing file 'file:///home/anon/Documents/House-price-prediction/website/templates/predict.html'...
[Info  - 08:40:43.434] Found 3 issues
[Info  - 08:40:48.481] Analyzing file 'file:///home/anon/Documents/House-price-prediction/website/templates/predict.html'...
[Info  - 08:40:48.499] Found 3 issues
[Info  - 08:40:50.883] Analyzing file 'file:///home/anon/Documents/House-price-prediction/website/templates/predict.html'...
[Info  - 08:40:50.932] Found 3 issues
[Info  - 08:40:52.293] Analyzing file 'file:///home/anon/Documents/House-price-prediction/website/templates/predict.html'...
[Info  - 08:40:52.350] Found 3 issues
[Info  - 08:40:55.297] Analyzing file 'file:///home/anon/Documents/House-price-prediction/website/templates/predict.html'...
[Info  - 08:40:55.351] Found 3 issues
[Info  - 08:40:56.560] Analyzing file 'file:///home/anon/Documents/House-price-prediction/website/templates/predict.html'...
[Info  - 08:40:56.711] Found 3 issues
[Info  - 08:40:56.906] Analyzing file 'file:///home/anon/Documents/House-price-prediction/website/templates/predict.html'...
[Info  - 08:40:56.960] Found 3 issues
[Info  - 08:41:25.537] Analyzing file 'file:///home/anon/Documents/House-price-prediction/website/templates/privacy-policy.html'...
[Info  - 08:41:25.563] Found 3 issues
[Info  - 08:41:26.940] Analyzing file 'file:///home/anon/Documents/House-price-prediction/website/templates/privacy-policy.html'...
[Info  - 08:41:26.960] Found 3 issues
[Info  - 08:41:28.943] Analyzing file 'file:///home/anon/Documents/House-price-prediction/website/templates/privacy-policy.html'...
[Info  - 08:41:28.990] Found 3 issues
[Info  - 08:41:29.716] Analyzing file 'file:///home/anon/Documents/House-price-prediction/website/templates/privacy-policy.html'...
[Info  - 08:41:29.774] Found 3 issues
[Info  - 08:41:29.943] Analyzing file 'file:///home/anon/Documents/House-price-prediction/website/templates/privacy-policy.html'...
[Info  - 08:41:29.964] Found 3 issues
